# Logfile created on 2013-10-21 20:52:16 -0700 by logger.rb/36483
I, [2013-10-21T20:58:57.898770 #59119]  INFO -- : Requiring /Users/local/Programming/emailer/lib/logger.rb
I, [2013-10-21T21:17:31.137164 #59209]  INFO -- : Requiring /Users/local/Programming/emailer/app/models/campaign.rb
I, [2013-10-21T21:17:31.167067 #59209]  INFO -- : Requiring /Users/local/Programming/emailer/app/models/tracking_pixel.rb
I, [2013-10-21T21:17:31.169059 #59209]  INFO -- : Requiring /Users/local/Programming/emailer/app/models/user.rb
I, [2013-10-21T21:17:31.171722 #59209]  INFO -- : Requiring /Users/local/Programming/emailer/lib/logger.rb
I, [2013-10-21T21:19:36.858370 #59532]  INFO -- : Requiring /Users/local/Programming/emailer/app/models/campaign.rb
I, [2013-10-21T21:19:36.886919 #59532]  INFO -- : Requiring /Users/local/Programming/emailer/app/models/tracking_pixel.rb
I, [2013-10-21T21:19:36.888763 #59532]  INFO -- : Requiring /Users/local/Programming/emailer/app/models/user.rb
I, [2013-10-21T21:19:36.891051 #59532]  INFO -- : Requiring /Users/local/Programming/emailer/lib/logger.rb
I, [2013-10-21T21:22:43.025528 #59847]  INFO -- : Requiring /Users/local/Programming/emailer/app/models/campaign.rb
I, [2013-10-21T21:22:43.054918 #59847]  INFO -- : Requiring /Users/local/Programming/emailer/app/models/tracking_pixel.rb
I, [2013-10-21T21:22:43.056928 #59847]  INFO -- : Requiring /Users/local/Programming/emailer/app/models/user.rb
I, [2013-10-21T21:22:43.059151 #59847]  INFO -- : Requiring /Users/local/Programming/emailer/lib/logger.rb
I, [2013-10-21T21:47:01.328094 #60074]  INFO -- : Requiring /Users/local/Programming/emailer/app/models/campaign.rb
I, [2013-10-21T21:47:01.331450 #60074]  INFO -- : Requiring /Users/local/Programming/emailer/app/models/tracking_pixel.rb
I, [2013-10-21T21:47:01.333386 #60074]  INFO -- : Requiring /Users/local/Programming/emailer/app/models/user.rb
I, [2013-10-21T21:47:01.335525 #60074]  INFO -- : Requiring /Users/local/Programming/emailer/lib/logger.rb
I, [2013-10-21T21:50:44.496669 #60092]  INFO -- : Requiring /Users/local/Programming/emailer/app/models/campaign.rb
I, [2013-10-21T21:50:44.499248 #60092]  INFO -- : Requiring /Users/local/Programming/emailer/app/models/tracking_pixel.rb
I, [2013-10-21T21:50:44.501057 #60092]  INFO -- : Requiring /Users/local/Programming/emailer/app/models/user.rb
I, [2013-10-21T21:50:44.503098 #60092]  INFO -- : Requiring /Users/local/Programming/emailer/lib/logger.rb
I, [2013-10-21T21:50:57.215624 #60100]  INFO -- : Requiring /Users/local/Programming/emailer/app/models/campaign.rb
I, [2013-10-21T21:50:57.218255 #60100]  INFO -- : Requiring /Users/local/Programming/emailer/app/models/tracking_pixel.rb
I, [2013-10-21T21:50:57.220006 #60100]  INFO -- : Requiring /Users/local/Programming/emailer/app/models/user.rb
I, [2013-10-21T21:50:57.222043 #60100]  INFO -- : Requiring /Users/local/Programming/emailer/lib/logger.rb
I, [2013-10-21T21:51:12.267413 #60108]  INFO -- : Requiring /Users/local/Programming/emailer/app/models/campaign.rb
I, [2013-10-21T21:51:12.270005 #60108]  INFO -- : Requiring /Users/local/Programming/emailer/app/models/tracking_pixel.rb
I, [2013-10-21T21:51:12.271922 #60108]  INFO -- : Requiring /Users/local/Programming/emailer/app/models/user.rb
I, [2013-10-21T21:51:12.274011 #60108]  INFO -- : Requiring /Users/local/Programming/emailer/lib/logger.rb
I, [2013-10-21T21:53:01.940001 #60248]  INFO -- : Requiring /Users/local/Programming/emailer/app/models/campaign.rb
I, [2013-10-21T21:53:01.942670 #60248]  INFO -- : Requiring /Users/local/Programming/emailer/app/models/tracking_pixel.rb
I, [2013-10-21T21:53:01.944667 #60248]  INFO -- : Requiring /Users/local/Programming/emailer/app/models/user.rb
I, [2013-10-21T21:53:01.946858 #60248]  INFO -- : Requiring /Users/local/Programming/emailer/lib/logger.rb
I, [2013-10-21T21:55:22.226061 #60283]  INFO -- : Requiring /Users/local/Programming/emailer/app/models/campaign.rb
I, [2013-10-21T21:55:22.228761 #60283]  INFO -- : Requiring /Users/local/Programming/emailer/app/models/tracking_pixel.rb
I, [2013-10-21T21:55:22.230607 #60283]  INFO -- : Requiring /Users/local/Programming/emailer/app/models/user.rb
I, [2013-10-21T21:55:22.234224 #60283]  INFO -- : Requiring /Users/local/Programming/emailer/lib/logger.rb
I, [2013-10-21T22:10:46.971113 #60397]  INFO -- : Requiring /Users/local/Programming/emailer/app/models/campaign.rb
I, [2013-10-21T22:10:46.973776 #60397]  INFO -- : Requiring /Users/local/Programming/emailer/app/models/tracking_pixel.rb
I, [2013-10-21T22:10:46.975814 #60397]  INFO -- : Requiring /Users/local/Programming/emailer/app/models/user.rb
I, [2013-10-21T22:10:46.978042 #60397]  INFO -- : Requiring /Users/local/Programming/emailer/lib/logger.rb
I, [2013-10-21T22:11:34.657382 #60407]  INFO -- : Requiring /Users/local/Programming/emailer/app/models/campaign.rb
I, [2013-10-21T22:11:34.660039 #60407]  INFO -- : Requiring /Users/local/Programming/emailer/app/models/tracking_pixel.rb
I, [2013-10-21T22:11:34.661922 #60407]  INFO -- : Requiring /Users/local/Programming/emailer/app/models/user.rb
I, [2013-10-21T22:11:34.664045 #60407]  INFO -- : Requiring /Users/local/Programming/emailer/lib/logger.rb
